<?xml version="1.0" encoding="UTF-8"?>
<!-- Generated by org.testng.reporters.JUnitXMLReporter -->
<testsuite ignored="0" hostname="Cesars-iMac.lan1" failures="1" tests="2" name="Test" time="4.381" errors="0" timestamp="2020-01-16T15:17:47 PST">
  <testcase classname="com.practice1.Listeners_Test2" name="TittleMatch" time="0.009">
    <failure type="java.lang.AssertionError" message="did not expect to find [true] but found [false]">
      <![CDATA[java.lang.AssertionError: did not expect to find [true] but found [false]
at com.practice1.Listeners_Test2.TittleMatch(Listeners_Test2.java:22)
at java.base/java.util.ArrayList.forEach(ArrayList.java:1507)
... Removed 31 stack frames]]>
    </failure>
  </testcase> <!-- TittleMatch -->
  <testcase classname="com.practice1.Listeners_Test2" name="googleTittleVerify" time="4.344"/>
</testsuite> <!-- Test -->
