<?xml version="1.0" encoding="UTF-8"?>
<!-- Generated by org.testng.reporters.JUnitXMLReporter -->
<testsuite ignored="11" hostname="Cesars-iMac.lan1" failures="0" tests="6" name="Regression Suite" time="15.223" errors="0" timestamp="2020-01-25T09:29:51 PST">
  <testcase classname="com.hrms.testbase.BaseClass" name="@BeforeTest generateReports" time="0.044">
    <failure type="java.lang.Error" message="Unresolved compilation problem: 
	VERSION_2_3_29 cannot be resolved or is not a field
">
      <![CDATA[java.lang.Error: Unresolved compilation problem: 
VERSION_2_3_29 cannot be resolved or is not a field

at com.aventstack.extentreports.reporter.BasicFileReporter.start(BasicFileReporter.java:98)
at com.aventstack.extentreports.ReportObservable.register(ReportObservable.java:191)
at java.base/java.util.Spliterators$ArraySpliterator.forEachRemaining(Spliterators.java:948)
at java.base/java.util.stream.ReferencePipeline$Head.forEach(ReferencePipeline.java:658)
at com.aventstack.extentreports.ExtentReports.attachReporter(ExtentReports.java:82)
at com.hrms.testbase.BaseClass.generateReports(BaseClass.java:36)
... Removed 24 stack frames]]>
    </failure>
  </testcase> <!-- @BeforeTest generateReports -->
  <testcase classname="com.hrms.testbase.BaseClass" name="@AfterTest writeReport" time="0.009">
    <failure type="java.lang.Error" message="Unresolved compilation problem: 
	VERSION_2_3_29 cannot be resolved or is not a field
">
      <![CDATA[java.lang.Error: Unresolved compilation problem: 
VERSION_2_3_29 cannot be resolved or is not a field

at com.aventstack.extentreports.templating.TemplateConfig.getFreemarkerConfig(TemplateConfig.java:8)
at com.aventstack.extentreports.reporter.BasicFileReporter.getFreemarkerConfig(BasicFileReporter.java:162)
at com.aventstack.extentreports.reporter.ExtentHtmlReporter.flush(ExtentHtmlReporter.java:55)
at com.aventstack.extentreports.ReportObservable.lambda$23(ReportObservable.java:523)
at java.base/java.util.ArrayList.forEach(ArrayList.java:1507)
at com.aventstack.extentreports.ReportObservable.notifyReporters(ReportObservable.java:523)
at com.aventstack.extentreports.ReportObservable.flush(ReportObservable.java:423)
at com.aventstack.extentreports.ExtentReports.flush(ExtentReports.java:290)
at com.hrms.testbase.BaseClass.writeReport(BaseClass.java:45)
... Removed 24 stack frames]]>
    </failure>
  </testcase> <!-- @AfterTest writeReport -->
  <testcase classname="com.hrms.testcases.LeaveListPageTest" name="leaveLabelValidation" time="0.0">
    <skipped/>
  </testcase> <!-- leaveLabelValidation -->
  <testcase classname="com.hrms.testcases.FIleRead2DArray" name="myFile" time="0.419"/>
  <testcase classname="com.hrms.testcases.HRMPropFileLoginTest" name="loginWithFileProp" time="0.0">
    <skipped/>
  </testcase> <!-- loginWithFileProp -->
  <testcase classname="com.hrms.testcases.MultipleLoginTest" name="multipleLogin" time="0.0">
    <skipped/>
  </testcase> <!-- multipleLogin -->
  <testcase classname="com.hrms.testcases.AddEmployeePageTest" name="addEmployee" time="0.0">
    <skipped/>
  </testcase> <!-- addEmployee -->
  <testcase classname="com.hrms.testcases.LoginPageTest" name="login" time="0.0">
    <skipped/>
  </testcase> <!-- login -->
  <testcase classname="com.hrms.testcases.addEmpExlDataProvider" name="addMultipleEmployees" time="0.0">
    <ignored/>
  </testcase> <!-- addMultipleEmployees -->
  <testcase classname="com.hrms.testbase.BaseClass" name="@AfterTest writeReport" time="0.0">
    <ignored/>
  </testcase> <!-- @AfterTest writeReport -->
  <testcase classname="com.hrms.testbase.BaseClass" name="@AfterTest writeReport" time="0.0">
    <ignored/>
  </testcase> <!-- @AfterTest writeReport -->
  <testcase classname="com.hrms.testbase.BaseClass" name="@AfterTest writeReport" time="0.0">
    <ignored/>
  </testcase> <!-- @AfterTest writeReport -->
  <testcase classname="com.hrms.testbase.BaseClass" name="@AfterTest writeReport" time="0.0">
    <ignored/>
  </testcase> <!-- @AfterTest writeReport -->
  <testcase classname="com.hrms.testbase.BaseClass" name="@AfterTest writeReport" time="0.0">
    <ignored/>
  </testcase> <!-- @AfterTest writeReport -->
  <testcase classname="com.hrms.testbase.BaseClass" name="@BeforeTest generateReports" time="0.0">
    <ignored/>
  </testcase> <!-- @BeforeTest generateReports -->
  <testcase classname="com.hrms.testbase.BaseClass" name="@BeforeTest generateReports" time="0.0">
    <ignored/>
  </testcase> <!-- @BeforeTest generateReports -->
  <testcase classname="com.hrms.testbase.BaseClass" name="@BeforeTest generateReports" time="0.0">
    <ignored/>
  </testcase> <!-- @BeforeTest generateReports -->
  <testcase classname="com.hrms.testbase.BaseClass" name="@BeforeTest generateReports" time="0.0">
    <ignored/>
  </testcase> <!-- @BeforeTest generateReports -->
  <testcase classname="com.hrms.testbase.BaseClass" name="@BeforeTest generateReports" time="0.0">
    <ignored/>
  </testcase> <!-- @BeforeTest generateReports -->
</testsuite> <!-- Regression Suite -->
